<?xml version="1.0" encoding="UTF-8"?>
<!-- Generated by org.testng.reporters.JUnitReportReporter -->
<testsuite skipped="0" hostname="ATMECSINLT-084" name="com.atmecs.testscripts.HotSauce" tests="1" failures="0" timestamp="2019-11-11T16:14:26 IST" time="17.765" errors="0">
  <testcase name="home_page" time="17.765" classname="com.atmecs.testscripts.HotSauce"/>
</testsuite> <!-- com.atmecs.testscripts.HotSauce -->
