<?xml version="1.0" encoding="UTF-8"?>
<!-- Generated by org.testng.reporters.JUnitReportReporter -->
<testsuite skipped="0" hostname="ATMECSINLT-084" name="com.atmecs.tutorialsninja.helper.CsvReader" tests="1" failures="0" timestamp="2019-11-05T20:46:52 IST" time="0.040" errors="0">
  <testcase name="reader" time="0.040" classname="com.atmecs.tutorialsninja.helper.CsvReader"/>
</testsuite> <!-- com.atmecs.tutorialsninja.helper.CsvReader -->
