<?xml version="1.0" encoding="UTF-8"?>
<!-- Generated by org.testng.reporters.JUnitReportReporter -->
<testsuite skipped="0" hostname="ATMECSINLT-084" name="com.atmecs.testscripts.TutorialsNinjaHomePage" tests="1" failures="0" timestamp="2019-11-11T15:46:02 IST" time="31.822" errors="0">
  <testcase name="search_product" time="31.822" classname="com.atmecs.testscripts.TutorialsNinjaHomePage"/>
</testsuite> <!-- com.atmecs.testscripts.TutorialsNinjaHomePage -->
